-------------------------------------------------------------------------------
Test set: com.example.JavaAndSpringIncubator.JavaPrepApplicationTests
-------------------------------------------------------------------------------
Tests run: 1, Failures: 0, Errors: 1, Skipped: 0, Time elapsed: 3.538 s <<< FAILURE! - in com.example.JavaAndSpringIncubator.JavaPrepApplicationTests
contextLoads  Time elapsed: 0.002 s  <<< ERROR!
java.lang.IllegalStateException: Failed to load ApplicationContext
Caused by: org.springframework.beans.factory.UnsatisfiedDependencyException: Error creating bean with name 'userController' defined in file [C:\Users\sonia.bullah\Desktop\Java_Incubator\JavaAndSpringIncubator\target\classes\com\example\JavaAndSpringIncubator\controllers\UserController.class]: Unsatisfied dependency expressed through constructor parameter 0; nested exception is org.springframework.beans.factory.UnsatisfiedDependencyException: Error creating bean with name 'userService' defined in file [C:\Users\sonia.bullah\Desktop\Java_Incubator\JavaAndSpringIncubator\target\classes\com\example\JavaAndSpringIncubator\services\UserService.class]: Unsatisfied dependency expressed through constructor parameter 1; nested exception is org.springframework.beans.factory.BeanCreationException: Error creating bean with name 'userLoginRepo' defined in com.example.JavaAndSpringIncubator.repositories.UserLoginRepo defined in @EnableJpaRepositories declared on JpaRepositoriesRegistrar.EnableJpaRepositoriesConfiguration: Invocation of init method failed; nested exception is java.lang.IllegalArgumentException: Not a managed type: class com.example.JavaAndSpringIncubator.dto.UserDTO
Caused by: org.springframework.beans.factory.UnsatisfiedDependencyException: Error creating bean with name 'userService' defined in file [C:\Users\sonia.bullah\Desktop\Java_Incubator\JavaAndSpringIncubator\target\classes\com\example\JavaAndSpringIncubator\services\UserService.class]: Unsatisfied dependency expressed through constructor parameter 1; nested exception is org.springframework.beans.factory.BeanCreationException: Error creating bean with name 'userLoginRepo' defined in com.example.JavaAndSpringIncubator.repositories.UserLoginRepo defined in @EnableJpaRepositories declared on JpaRepositoriesRegistrar.EnableJpaRepositoriesConfiguration: Invocation of init method failed; nested exception is java.lang.IllegalArgumentException: Not a managed type: class com.example.JavaAndSpringIncubator.dto.UserDTO
Caused by: org.springframework.beans.factory.BeanCreationException: Error creating bean with name 'userLoginRepo' defined in com.example.JavaAndSpringIncubator.repositories.UserLoginRepo defined in @EnableJpaRepositories declared on JpaRepositoriesRegistrar.EnableJpaRepositoriesConfiguration: Invocation of init method failed; nested exception is java.lang.IllegalArgumentException: Not a managed type: class com.example.JavaAndSpringIncubator.dto.UserDTO
Caused by: java.lang.IllegalArgumentException: Not a managed type: class com.example.JavaAndSpringIncubator.dto.UserDTO

