-------------------------------------------------------------------------------
Test set: com.example.JavaAndSpringIncubator.JavaPrepApplicationTests
-------------------------------------------------------------------------------
Tests run: 1, Failures: 0, Errors: 1, Skipped: 0, Time elapsed: 3.784 s <<< FAILURE! - in com.example.JavaAndSpringIncubator.JavaPrepApplicationTests
contextLoads  Time elapsed: 0.001 s  <<< ERROR!
java.lang.IllegalStateException: Failed to load ApplicationContext
Caused by: org.springframework.beans.factory.UnsatisfiedDependencyException: Error creating bean with name 'customerAndAdminDetailsService' defined in file [C:\Users\sonia.bullah\Desktop\Java_Incubator\JavaAndSpringIncubator\target\classes\com\example\JavaAndSpringIncubator\security\CustomerAndAdminDetailsService.class]: Unsatisfied dependency expressed through constructor parameter 0; nested exception is org.springframework.beans.factory.BeanCreationException: Error creating bean with name 'userRepository' defined in com.example.JavaAndSpringIncubator.repositories.UserRepository defined in @EnableJpaRepositories declared on JavaAndSpringIncubator: Invocation of init method failed; nested exception is java.lang.IllegalArgumentException: Not a managed type: class org.springframework.security.core.userdetails.User
Caused by: org.springframework.beans.factory.BeanCreationException: Error creating bean with name 'userRepository' defined in com.example.JavaAndSpringIncubator.repositories.UserRepository defined in @EnableJpaRepositories declared on JavaAndSpringIncubator: Invocation of init method failed; nested exception is java.lang.IllegalArgumentException: Not a managed type: class org.springframework.security.core.userdetails.User
Caused by: java.lang.IllegalArgumentException: Not a managed type: class org.springframework.security.core.userdetails.User

